Release 14.7 - ngc2edif P.20131013 (nt64)
Copyright (c) 1995-2013 Xilinx, Inc.  All rights reserved.
Reading design toplevel.ngc ...
WARNING:NetListWriters:298 - No output is written to toplevel.xncf, ignored.
Processing design ...
   Preping design's networks ...
   Preping design's macros ...
  finished :Prep
Writing EDIF netlist file toplevel.edif ...
ngc2edif: Total memory usage is 77016 kilobytes

Release 14.7 - ngc2edif P.20131013 (nt64)
Copyright (c) 1995-2013 Xilinx, Inc.  All rights reserved.
Reading design toplevel.ngc ...
WARNING:NetListWriters:298 - No output is written to toplevel.xncf, ignored.
Processing design ...
   Preping design's networks ...
   Preping design's macros ...
  finished :Prep
Writing EDIF netlist file toplevel.edif ...
ngc2edif: Total memory usage is 77400 kilobytes

Release 14.7 - ngc2edif P.20131013 (nt64)
Copyright (c) 1995-2013 Xilinx, Inc.  All rights reserved.
Reading design toplevel.ngc ...
WARNING:NetListWriters:298 - No output is written to toplevel.xncf, ignored.
Processing design ...
   Preping design's networks ...
   Preping design's macros ...
  finished :Prep
Writing EDIF netlist file toplevel.edif ...
ngc2edif: Total memory usage is 76696 kilobytes

Release 14.7 - ngc2edif P.20131013 (nt64)
Copyright (c) 1995-2013 Xilinx, Inc.  All rights reserved.
Reading design toplevel.ngc ...
WARNING:NetListWriters:298 - No output is written to toplevel.xncf, ignored.
Processing design ...
   Preping design's networks ...
   Preping design's macros ...
  finished :Prep
Writing EDIF netlist file toplevel.edif ...
ngc2edif: Total memory usage is 77016 kilobytes

Release 14.7 - ngc2edif P.20131013 (nt64)
Copyright (c) 1995-2013 Xilinx, Inc.  All rights reserved.
Reading design toplevel.ngc ...
WARNING:NetListWriters:298 - No output is written to toplevel.xncf, ignored.
Processing design ...
   Preping design's networks ...
   Preping design's macros ...
  finished :Prep
Writing EDIF netlist file toplevel.edif ...
ngc2edif: Total memory usage is 80052 kilobytes

